<?xml version="1.0" encoding="UTF-8"?>
<testsuite xmlns:xsi="http://www.w3.org/2001/XMLSchema-instance" xsi:noNamespaceSchemaLocation="https://maven.apache.org/surefire/maven-surefire-plugin/xsd/surefire-test-report-3.0.xsd" version="3.0" name="uz.zafar.ibratfarzandlari.IbratfarzandlariApplicationTests" time="4.87" tests="1" errors="0" skipped="0" failures="0">
  <properties>
    <property name="java.specification.version" value="17"/>
    <property name="sun.jnu.encoding" value="UTF-8"/>
    <property name="java.class.path" value="/Users/fff/Desktop/MyFolder/Monolit/Telegram/ibratfarzandlari/target/test-classes:/Users/fff/Desktop/MyFolder/Monolit/Telegram/ibratfarzandlari/target/classes:/Users/fff/.m2/repository/org/springframework/boot/spring-boot-starter-data-jpa/3.3.4/spring-boot-starter-data-jpa-3.3.4.jar:/Users/fff/.m2/repository/org/springframework/boot/spring-boot-starter-aop/3.3.4/spring-boot-starter-aop-3.3.4.jar:/Users/fff/.m2/repository/org/springframework/spring-aop/6.1.13/spring-aop-6.1.13.jar:/Users/fff/.m2/repository/org/aspectj/aspectjweaver/1.9.22.1/aspectjweaver-1.9.22.1.jar:/Users/fff/.m2/repository/org/springframework/boot/spring-boot-starter-jdbc/3.3.4/spring-boot-starter-jdbc-3.3.4.jar:/Users/fff/.m2/repository/com/zaxxer/HikariCP/5.1.0/HikariCP-5.1.0.jar:/Users/fff/.m2/repository/org/springframework/spring-jdbc/6.1.13/spring-jdbc-6.1.13.jar:/Users/fff/.m2/repository/org/hibernate/orm/hibernate-core/6.5.3.Final/hibernate-core-6.5.3.Final.jar:/Users/fff/.m2/repository/jakarta/persistence/jakarta.persistence-api/3.1.0/jakarta.persistence-api-3.1.0.jar:/Users/fff/.m2/repository/jakarta/transaction/jakarta.transaction-api/2.0.1/jakarta.transaction-api-2.0.1.jar:/Users/fff/.m2/repository/org/jboss/logging/jboss-logging/3.5.3.Final/jboss-logging-3.5.3.Final.jar:/Users/fff/.m2/repository/org/hibernate/common/hibernate-commons-annotations/6.0.6.Final/hibernate-commons-annotations-6.0.6.Final.jar:/Users/fff/.m2/repository/io/smallrye/jandex/3.1.2/jandex-3.1.2.jar:/Users/fff/.m2/repository/com/fasterxml/classmate/1.7.0/classmate-1.7.0.jar:/Users/fff/.m2/repository/net/bytebuddy/byte-buddy/1.14.19/byte-buddy-1.14.19.jar:/Users/fff/.m2/repository/jakarta/inject/jakarta.inject-api/2.0.1/jakarta.inject-api-2.0.1.jar:/Users/fff/.m2/repository/org/antlr/antlr4-runtime/4.13.0/antlr4-runtime-4.13.0.jar:/Users/fff/.m2/repository/org/springframework/data/spring-data-jpa/3.3.4/spring-data-jpa-3.3.4.jar:/Users/fff/.m2/repository/org/springframework/data/spring-data-commons/3.3.4/spring-data-commons-3.3.4.jar:/Users/fff/.m2/repository/org/springframework/spring-orm/6.1.13/spring-orm-6.1.13.jar:/Users/fff/.m2/repository/org/springframework/spring-context/6.1.13/spring-context-6.1.13.jar:/Users/fff/.m2/repository/org/springframework/spring-expression/6.1.13/spring-expression-6.1.13.jar:/Users/fff/.m2/repository/io/micrometer/micrometer-observation/1.13.4/micrometer-observation-1.13.4.jar:/Users/fff/.m2/repository/io/micrometer/micrometer-commons/1.13.4/micrometer-commons-1.13.4.jar:/Users/fff/.m2/repository/org/springframework/spring-tx/6.1.13/spring-tx-6.1.13.jar:/Users/fff/.m2/repository/org/springframework/spring-beans/6.1.13/spring-beans-6.1.13.jar:/Users/fff/.m2/repository/jakarta/annotation/jakarta.annotation-api/2.1.1/jakarta.annotation-api-2.1.1.jar:/Users/fff/.m2/repository/org/springframework/spring-aspects/6.1.13/spring-aspects-6.1.13.jar:/Users/fff/.m2/repository/org/telegram/telegrambots/6.7.0/telegrambots-6.7.0.jar:/Users/fff/.m2/repository/org/telegram/telegrambots-meta/6.7.0/telegrambots-meta-6.7.0.jar:/Users/fff/.m2/repository/org/apache/commons/commons-lang3/3.14.0/commons-lang3-3.14.0.jar:/Users/fff/.m2/repository/com/fasterxml/jackson/datatype/jackson-datatype-jsr310/2.17.2/jackson-datatype-jsr310-2.17.2.jar:/Users/fff/.m2/repository/com/fasterxml/jackson/core/jackson-annotations/2.17.2/jackson-annotations-2.17.2.jar:/Users/fff/.m2/repository/com/fasterxml/jackson/jaxrs/jackson-jaxrs-json-provider/2.17.2/jackson-jaxrs-json-provider-2.17.2.jar:/Users/fff/.m2/repository/com/fasterxml/jackson/jaxrs/jackson-jaxrs-base/2.17.2/jackson-jaxrs-base-2.17.2.jar:/Users/fff/.m2/repository/com/fasterxml/jackson/module/jackson-module-jaxb-annotations/2.17.2/jackson-module-jaxb-annotations-2.17.2.jar:/Users/fff/.m2/repository/com/fasterxml/jackson/core/jackson-core/2.17.2/jackson-core-2.17.2.jar:/Users/fff/.m2/repository/com/fasterxml/jackson/core/jackson-databind/2.17.2/jackson-databind-2.17.2.jar:/Users/fff/.m2/repository/org/glassfish/jersey/inject/jersey-hk2/3.1.8/jersey-hk2-3.1.8.jar:/Users/fff/.m2/repository/org/glassfish/jersey/core/jersey-common/3.1.8/jersey-common-3.1.8.jar:/Users/fff/.m2/repository/org/glassfish/hk2/osgi-resource-locator/1.0.3/osgi-resource-locator-1.0.3.jar:/Users/fff/.m2/repository/org/glassfish/hk2/hk2-locator/3.0.6/hk2-locator-3.0.6.jar:/Users/fff/.m2/repository/org/glassfish/hk2/external/aopalliance-repackaged/3.0.6/aopalliance-repackaged-3.0.6.jar:/Users/fff/.m2/repository/org/glassfish/hk2/hk2-api/3.0.6/hk2-api-3.0.6.jar:/Users/fff/.m2/repository/org/glassfish/hk2/hk2-utils/3.0.6/hk2-utils-3.0.6.jar:/Users/fff/.m2/repository/org/javassist/javassist/3.30.2-GA/javassist-3.30.2-GA.jar:/Users/fff/.m2/repository/org/glassfish/jersey/media/jersey-media-json-jackson/3.1.8/jersey-media-json-jackson-3.1.8.jar:/Users/fff/.m2/repository/org/glassfish/jersey/ext/jersey-entity-filtering/3.1.8/jersey-entity-filtering-3.1.8.jar:/Users/fff/.m2/repository/com/fasterxml/jackson/module/jackson-module-jakarta-xmlbind-annotations/2.17.2/jackson-module-jakarta-xmlbind-annotations-2.17.2.jar:/Users/fff/.m2/repository/org/glassfish/jersey/containers/jersey-container-grizzly2-http/3.1.8/jersey-container-grizzly2-http-3.1.8.jar:/Users/fff/.m2/repository/org/glassfish/grizzly/grizzly-http-server/4.0.2/grizzly-http-server-4.0.2.jar:/Users/fff/.m2/repository/org/glassfish/grizzly/grizzly-http/4.0.2/grizzly-http-4.0.2.jar:/Users/fff/.m2/repository/org/glassfish/grizzly/grizzly-framework/4.0.2/grizzly-framework-4.0.2.jar:/Users/fff/.m2/repository/jakarta/ws/rs/jakarta.ws.rs-api/3.1.0/jakarta.ws.rs-api-3.1.0.jar:/Users/fff/.m2/repository/org/glassfish/jersey/core/jersey-server/3.1.8/jersey-server-3.1.8.jar:/Users/fff/.m2/repository/org/glassfish/jersey/core/jersey-client/3.1.8/jersey-client-3.1.8.jar:/Users/fff/.m2/repository/jakarta/validation/jakarta.validation-api/3.0.2/jakarta.validation-api-3.0.2.jar:/Users/fff/.m2/repository/org/apache/httpcomponents/httpclient/4.5.13/httpclient-4.5.13.jar:/Users/fff/.m2/repository/org/apache/httpcomponents/httpcore/4.4.16/httpcore-4.4.16.jar:/Users/fff/.m2/repository/commons-logging/commons-logging/1.2/commons-logging-1.2.jar:/Users/fff/.m2/repository/commons-codec/commons-codec/1.16.1/commons-codec-1.16.1.jar:/Users/fff/.m2/repository/org/apache/httpcomponents/httpmime/4.5.13/httpmime-4.5.13.jar:/Users/fff/.m2/repository/commons-io/commons-io/2.11.0/commons-io-2.11.0.jar:/Users/fff/.m2/repository/org/slf4j/slf4j-api/2.0.16/slf4j-api-2.0.16.jar:/Users/fff/.m2/repository/org/postgresql/postgresql/42.7.4/postgresql-42.7.4.jar:/Users/fff/.m2/repository/org/checkerframework/checker-qual/3.42.0/checker-qual-3.42.0.jar:/Users/fff/.m2/repository/org/projectlombok/lombok/1.18.34/lombok-1.18.34.jar:/Users/fff/.m2/repository/org/springframework/boot/spring-boot-starter-test/3.3.4/spring-boot-starter-test-3.3.4.jar:/Users/fff/.m2/repository/org/springframework/boot/spring-boot-starter/3.3.4/spring-boot-starter-3.3.4.jar:/Users/fff/.m2/repository/org/springframework/boot/spring-boot/3.3.4/spring-boot-3.3.4.jar:/Users/fff/.m2/repository/org/springframework/boot/spring-boot-autoconfigure/3.3.4/spring-boot-autoconfigure-3.3.4.jar:/Users/fff/.m2/repository/org/springframework/boot/spring-boot-starter-logging/3.3.4/spring-boot-starter-logging-3.3.4.jar:/Users/fff/.m2/repository/ch/qos/logback/logback-classic/1.5.8/logback-classic-1.5.8.jar:/Users/fff/.m2/repository/ch/qos/logback/logback-core/1.5.8/logback-core-1.5.8.jar:/Users/fff/.m2/repository/org/apache/logging/log4j/log4j-to-slf4j/2.23.1/log4j-to-slf4j-2.23.1.jar:/Users/fff/.m2/repository/org/apache/logging/log4j/log4j-api/2.23.1/log4j-api-2.23.1.jar:/Users/fff/.m2/repository/org/slf4j/jul-to-slf4j/2.0.16/jul-to-slf4j-2.0.16.jar:/Users/fff/.m2/repository/org/yaml/snakeyaml/2.2/snakeyaml-2.2.jar:/Users/fff/.m2/repository/org/springframework/boot/spring-boot-test/3.3.4/spring-boot-test-3.3.4.jar:/Users/fff/.m2/repository/org/springframework/boot/spring-boot-test-autoconfigure/3.3.4/spring-boot-test-autoconfigure-3.3.4.jar:/Users/fff/.m2/repository/com/jayway/jsonpath/json-path/2.9.0/json-path-2.9.0.jar:/Users/fff/.m2/repository/jakarta/xml/bind/jakarta.xml.bind-api/4.0.2/jakarta.xml.bind-api-4.0.2.jar:/Users/fff/.m2/repository/jakarta/activation/jakarta.activation-api/2.1.3/jakarta.activation-api-2.1.3.jar:/Users/fff/.m2/repository/net/minidev/json-smart/2.5.1/json-smart-2.5.1.jar:/Users/fff/.m2/repository/net/minidev/accessors-smart/2.5.1/accessors-smart-2.5.1.jar:/Users/fff/.m2/repository/org/ow2/asm/asm/9.6/asm-9.6.jar:/Users/fff/.m2/repository/org/assertj/assertj-core/3.25.3/assertj-core-3.25.3.jar:/Users/fff/.m2/repository/org/awaitility/awaitility/4.2.2/awaitility-4.2.2.jar:/Users/fff/.m2/repository/org/hamcrest/hamcrest/2.2/hamcrest-2.2.jar:/Users/fff/.m2/repository/org/junit/jupiter/junit-jupiter/5.10.3/junit-jupiter-5.10.3.jar:/Users/fff/.m2/repository/org/junit/jupiter/junit-jupiter-api/5.10.3/junit-jupiter-api-5.10.3.jar:/Users/fff/.m2/repository/org/opentest4j/opentest4j/1.3.0/opentest4j-1.3.0.jar:/Users/fff/.m2/repository/org/junit/platform/junit-platform-commons/1.10.3/junit-platform-commons-1.10.3.jar:/Users/fff/.m2/repository/org/apiguardian/apiguardian-api/1.1.2/apiguardian-api-1.1.2.jar:/Users/fff/.m2/repository/org/junit/jupiter/junit-jupiter-params/5.10.3/junit-jupiter-params-5.10.3.jar:/Users/fff/.m2/repository/org/junit/jupiter/junit-jupiter-engine/5.10.3/junit-jupiter-engine-5.10.3.jar:/Users/fff/.m2/repository/org/junit/platform/junit-platform-engine/1.10.3/junit-platform-engine-1.10.3.jar:/Users/fff/.m2/repository/org/mockito/mockito-core/5.11.0/mockito-core-5.11.0.jar:/Users/fff/.m2/repository/net/bytebuddy/byte-buddy-agent/1.14.19/byte-buddy-agent-1.14.19.jar:/Users/fff/.m2/repository/org/objenesis/objenesis/3.3/objenesis-3.3.jar:/Users/fff/.m2/repository/org/mockito/mockito-junit-jupiter/5.11.0/mockito-junit-jupiter-5.11.0.jar:/Users/fff/.m2/repository/org/skyscreamer/jsonassert/1.5.3/jsonassert-1.5.3.jar:/Users/fff/.m2/repository/com/vaadin/external/google/android-json/0.0.20131108.vaadin1/android-json-0.0.20131108.vaadin1.jar:/Users/fff/.m2/repository/org/springframework/spring-core/6.1.13/spring-core-6.1.13.jar:/Users/fff/.m2/repository/org/springframework/spring-jcl/6.1.13/spring-jcl-6.1.13.jar:/Users/fff/.m2/repository/org/springframework/spring-test/6.1.13/spring-test-6.1.13.jar:/Users/fff/.m2/repository/org/xmlunit/xmlunit-core/2.9.1/xmlunit-core-2.9.1.jar:/Users/fff/.m2/repository/javax/xml/bind/jaxb-api/2.3.1/jaxb-api-2.3.1.jar:/Users/fff/.m2/repository/javax/activation/javax.activation-api/1.2.0/javax.activation-api-1.2.0.jar:/Users/fff/.m2/repository/org/glassfish/jaxb/jaxb-runtime/2.3.1/jaxb-runtime-2.3.1.jar:/Users/fff/.m2/repository/org/glassfish/jaxb/txw2/4.0.5/txw2-4.0.5.jar:/Users/fff/.m2/repository/com/sun/istack/istack-commons-runtime/4.1.2/istack-commons-runtime-4.1.2.jar:/Users/fff/.m2/repository/org/jvnet/staxex/stax-ex/2.1.0/stax-ex-2.1.0.jar:/Users/fff/.m2/repository/com/sun/xml/fastinfoset/FastInfoset/2.1.1/FastInfoset-2.1.1.jar:"/>
    <property name="java.vm.vendor" value="Amazon.com Inc."/>
    <property name="sun.arch.data.model" value="64"/>
    <property name="java.vendor.url" value="https://aws.amazon.com/corretto/"/>
    <property name="user.timezone" value="Asia/Tashkent"/>
    <property name="org.jboss.logging.provider" value="slf4j"/>
    <property name="os.name" value="Mac OS X"/>
    <property name="java.vm.specification.version" value="17"/>
    <property name="sun.java.launcher" value="SUN_STANDARD"/>
    <property name="user.country" value="UZ"/>
    <property name="sun.boot.library.path" value="/Users/fff/Library/Java/JavaVirtualMachines/corretto-17.0.11/Contents/Home/lib"/>
    <property name="sun.java.command" value="/Users/fff/Desktop/MyFolder/Monolit/Telegram/ibratfarzandlari/target/surefire/surefirebooter-20240926131916238_3.jar /Users/fff/Desktop/MyFolder/Monolit/Telegram/ibratfarzandlari/target/surefire 2024-09-26T13-19-16_137-jvmRun1 surefire-20240926131916238_1tmp surefire_0-20240926131916238_2tmp"/>
    <property name="http.nonProxyHosts" value="local|*.local|169.254/16|*.169.254/16"/>
    <property name="jdk.debug" value="release"/>
    <property name="surefire.test.class.path" value="/Users/fff/Desktop/MyFolder/Monolit/Telegram/ibratfarzandlari/target/test-classes:/Users/fff/Desktop/MyFolder/Monolit/Telegram/ibratfarzandlari/target/classes:/Users/fff/.m2/repository/org/springframework/boot/spring-boot-starter-data-jpa/3.3.4/spring-boot-starter-data-jpa-3.3.4.jar:/Users/fff/.m2/repository/org/springframework/boot/spring-boot-starter-aop/3.3.4/spring-boot-starter-aop-3.3.4.jar:/Users/fff/.m2/repository/org/springframework/spring-aop/6.1.13/spring-aop-6.1.13.jar:/Users/fff/.m2/repository/org/aspectj/aspectjweaver/1.9.22.1/aspectjweaver-1.9.22.1.jar:/Users/fff/.m2/repository/org/springframework/boot/spring-boot-starter-jdbc/3.3.4/spring-boot-starter-jdbc-3.3.4.jar:/Users/fff/.m2/repository/com/zaxxer/HikariCP/5.1.0/HikariCP-5.1.0.jar:/Users/fff/.m2/repository/org/springframework/spring-jdbc/6.1.13/spring-jdbc-6.1.13.jar:/Users/fff/.m2/repository/org/hibernate/orm/hibernate-core/6.5.3.Final/hibernate-core-6.5.3.Final.jar:/Users/fff/.m2/repository/jakarta/persistence/jakarta.persistence-api/3.1.0/jakarta.persistence-api-3.1.0.jar:/Users/fff/.m2/repository/jakarta/transaction/jakarta.transaction-api/2.0.1/jakarta.transaction-api-2.0.1.jar:/Users/fff/.m2/repository/org/jboss/logging/jboss-logging/3.5.3.Final/jboss-logging-3.5.3.Final.jar:/Users/fff/.m2/repository/org/hibernate/common/hibernate-commons-annotations/6.0.6.Final/hibernate-commons-annotations-6.0.6.Final.jar:/Users/fff/.m2/repository/io/smallrye/jandex/3.1.2/jandex-3.1.2.jar:/Users/fff/.m2/repository/com/fasterxml/classmate/1.7.0/classmate-1.7.0.jar:/Users/fff/.m2/repository/net/bytebuddy/byte-buddy/1.14.19/byte-buddy-1.14.19.jar:/Users/fff/.m2/repository/jakarta/inject/jakarta.inject-api/2.0.1/jakarta.inject-api-2.0.1.jar:/Users/fff/.m2/repository/org/antlr/antlr4-runtime/4.13.0/antlr4-runtime-4.13.0.jar:/Users/fff/.m2/repository/org/springframework/data/spring-data-jpa/3.3.4/spring-data-jpa-3.3.4.jar:/Users/fff/.m2/repository/org/springframework/data/spring-data-commons/3.3.4/spring-data-commons-3.3.4.jar:/Users/fff/.m2/repository/org/springframework/spring-orm/6.1.13/spring-orm-6.1.13.jar:/Users/fff/.m2/repository/org/springframework/spring-context/6.1.13/spring-context-6.1.13.jar:/Users/fff/.m2/repository/org/springframework/spring-expression/6.1.13/spring-expression-6.1.13.jar:/Users/fff/.m2/repository/io/micrometer/micrometer-observation/1.13.4/micrometer-observation-1.13.4.jar:/Users/fff/.m2/repository/io/micrometer/micrometer-commons/1.13.4/micrometer-commons-1.13.4.jar:/Users/fff/.m2/repository/org/springframework/spring-tx/6.1.13/spring-tx-6.1.13.jar:/Users/fff/.m2/repository/org/springframework/spring-beans/6.1.13/spring-beans-6.1.13.jar:/Users/fff/.m2/repository/jakarta/annotation/jakarta.annotation-api/2.1.1/jakarta.annotation-api-2.1.1.jar:/Users/fff/.m2/repository/org/springframework/spring-aspects/6.1.13/spring-aspects-6.1.13.jar:/Users/fff/.m2/repository/org/telegram/telegrambots/6.7.0/telegrambots-6.7.0.jar:/Users/fff/.m2/repository/org/telegram/telegrambots-meta/6.7.0/telegrambots-meta-6.7.0.jar:/Users/fff/.m2/repository/org/apache/commons/commons-lang3/3.14.0/commons-lang3-3.14.0.jar:/Users/fff/.m2/repository/com/fasterxml/jackson/datatype/jackson-datatype-jsr310/2.17.2/jackson-datatype-jsr310-2.17.2.jar:/Users/fff/.m2/repository/com/fasterxml/jackson/core/jackson-annotations/2.17.2/jackson-annotations-2.17.2.jar:/Users/fff/.m2/repository/com/fasterxml/jackson/jaxrs/jackson-jaxrs-json-provider/2.17.2/jackson-jaxrs-json-provider-2.17.2.jar:/Users/fff/.m2/repository/com/fasterxml/jackson/jaxrs/jackson-jaxrs-base/2.17.2/jackson-jaxrs-base-2.17.2.jar:/Users/fff/.m2/repository/com/fasterxml/jackson/module/jackson-module-jaxb-annotations/2.17.2/jackson-module-jaxb-annotations-2.17.2.jar:/Users/fff/.m2/repository/com/fasterxml/jackson/core/jackson-core/2.17.2/jackson-core-2.17.2.jar:/Users/fff/.m2/repository/com/fasterxml/jackson/core/jackson-databind/2.17.2/jackson-databind-2.17.2.jar:/Users/fff/.m2/repository/org/glassfish/jersey/inject/jersey-hk2/3.1.8/jersey-hk2-3.1.8.jar:/Users/fff/.m2/repository/org/glassfish/jersey/core/jersey-common/3.1.8/jersey-common-3.1.8.jar:/Users/fff/.m2/repository/org/glassfish/hk2/osgi-resource-locator/1.0.3/osgi-resource-locator-1.0.3.jar:/Users/fff/.m2/repository/org/glassfish/hk2/hk2-locator/3.0.6/hk2-locator-3.0.6.jar:/Users/fff/.m2/repository/org/glassfish/hk2/external/aopalliance-repackaged/3.0.6/aopalliance-repackaged-3.0.6.jar:/Users/fff/.m2/repository/org/glassfish/hk2/hk2-api/3.0.6/hk2-api-3.0.6.jar:/Users/fff/.m2/repository/org/glassfish/hk2/hk2-utils/3.0.6/hk2-utils-3.0.6.jar:/Users/fff/.m2/repository/org/javassist/javassist/3.30.2-GA/javassist-3.30.2-GA.jar:/Users/fff/.m2/repository/org/glassfish/jersey/media/jersey-media-json-jackson/3.1.8/jersey-media-json-jackson-3.1.8.jar:/Users/fff/.m2/repository/org/glassfish/jersey/ext/jersey-entity-filtering/3.1.8/jersey-entity-filtering-3.1.8.jar:/Users/fff/.m2/repository/com/fasterxml/jackson/module/jackson-module-jakarta-xmlbind-annotations/2.17.2/jackson-module-jakarta-xmlbind-annotations-2.17.2.jar:/Users/fff/.m2/repository/org/glassfish/jersey/containers/jersey-container-grizzly2-http/3.1.8/jersey-container-grizzly2-http-3.1.8.jar:/Users/fff/.m2/repository/org/glassfish/grizzly/grizzly-http-server/4.0.2/grizzly-http-server-4.0.2.jar:/Users/fff/.m2/repository/org/glassfish/grizzly/grizzly-http/4.0.2/grizzly-http-4.0.2.jar:/Users/fff/.m2/repository/org/glassfish/grizzly/grizzly-framework/4.0.2/grizzly-framework-4.0.2.jar:/Users/fff/.m2/repository/jakarta/ws/rs/jakarta.ws.rs-api/3.1.0/jakarta.ws.rs-api-3.1.0.jar:/Users/fff/.m2/repository/org/glassfish/jersey/core/jersey-server/3.1.8/jersey-server-3.1.8.jar:/Users/fff/.m2/repository/org/glassfish/jersey/core/jersey-client/3.1.8/jersey-client-3.1.8.jar:/Users/fff/.m2/repository/jakarta/validation/jakarta.validation-api/3.0.2/jakarta.validation-api-3.0.2.jar:/Users/fff/.m2/repository/org/apache/httpcomponents/httpclient/4.5.13/httpclient-4.5.13.jar:/Users/fff/.m2/repository/org/apache/httpcomponents/httpcore/4.4.16/httpcore-4.4.16.jar:/Users/fff/.m2/repository/commons-logging/commons-logging/1.2/commons-logging-1.2.jar:/Users/fff/.m2/repository/commons-codec/commons-codec/1.16.1/commons-codec-1.16.1.jar:/Users/fff/.m2/repository/org/apache/httpcomponents/httpmime/4.5.13/httpmime-4.5.13.jar:/Users/fff/.m2/repository/commons-io/commons-io/2.11.0/commons-io-2.11.0.jar:/Users/fff/.m2/repository/org/slf4j/slf4j-api/2.0.16/slf4j-api-2.0.16.jar:/Users/fff/.m2/repository/org/postgresql/postgresql/42.7.4/postgresql-42.7.4.jar:/Users/fff/.m2/repository/org/checkerframework/checker-qual/3.42.0/checker-qual-3.42.0.jar:/Users/fff/.m2/repository/org/projectlombok/lombok/1.18.34/lombok-1.18.34.jar:/Users/fff/.m2/repository/org/springframework/boot/spring-boot-starter-test/3.3.4/spring-boot-starter-test-3.3.4.jar:/Users/fff/.m2/repository/org/springframework/boot/spring-boot-starter/3.3.4/spring-boot-starter-3.3.4.jar:/Users/fff/.m2/repository/org/springframework/boot/spring-boot/3.3.4/spring-boot-3.3.4.jar:/Users/fff/.m2/repository/org/springframework/boot/spring-boot-autoconfigure/3.3.4/spring-boot-autoconfigure-3.3.4.jar:/Users/fff/.m2/repository/org/springframework/boot/spring-boot-starter-logging/3.3.4/spring-boot-starter-logging-3.3.4.jar:/Users/fff/.m2/repository/ch/qos/logback/logback-classic/1.5.8/logback-classic-1.5.8.jar:/Users/fff/.m2/repository/ch/qos/logback/logback-core/1.5.8/logback-core-1.5.8.jar:/Users/fff/.m2/repository/org/apache/logging/log4j/log4j-to-slf4j/2.23.1/log4j-to-slf4j-2.23.1.jar:/Users/fff/.m2/repository/org/apache/logging/log4j/log4j-api/2.23.1/log4j-api-2.23.1.jar:/Users/fff/.m2/repository/org/slf4j/jul-to-slf4j/2.0.16/jul-to-slf4j-2.0.16.jar:/Users/fff/.m2/repository/org/yaml/snakeyaml/2.2/snakeyaml-2.2.jar:/Users/fff/.m2/repository/org/springframework/boot/spring-boot-test/3.3.4/spring-boot-test-3.3.4.jar:/Users/fff/.m2/repository/org/springframework/boot/spring-boot-test-autoconfigure/3.3.4/spring-boot-test-autoconfigure-3.3.4.jar:/Users/fff/.m2/repository/com/jayway/jsonpath/json-path/2.9.0/json-path-2.9.0.jar:/Users/fff/.m2/repository/jakarta/xml/bind/jakarta.xml.bind-api/4.0.2/jakarta.xml.bind-api-4.0.2.jar:/Users/fff/.m2/repository/jakarta/activation/jakarta.activation-api/2.1.3/jakarta.activation-api-2.1.3.jar:/Users/fff/.m2/repository/net/minidev/json-smart/2.5.1/json-smart-2.5.1.jar:/Users/fff/.m2/repository/net/minidev/accessors-smart/2.5.1/accessors-smart-2.5.1.jar:/Users/fff/.m2/repository/org/ow2/asm/asm/9.6/asm-9.6.jar:/Users/fff/.m2/repository/org/assertj/assertj-core/3.25.3/assertj-core-3.25.3.jar:/Users/fff/.m2/repository/org/awaitility/awaitility/4.2.2/awaitility-4.2.2.jar:/Users/fff/.m2/repository/org/hamcrest/hamcrest/2.2/hamcrest-2.2.jar:/Users/fff/.m2/repository/org/junit/jupiter/junit-jupiter/5.10.3/junit-jupiter-5.10.3.jar:/Users/fff/.m2/repository/org/junit/jupiter/junit-jupiter-api/5.10.3/junit-jupiter-api-5.10.3.jar:/Users/fff/.m2/repository/org/opentest4j/opentest4j/1.3.0/opentest4j-1.3.0.jar:/Users/fff/.m2/repository/org/junit/platform/junit-platform-commons/1.10.3/junit-platform-commons-1.10.3.jar:/Users/fff/.m2/repository/org/apiguardian/apiguardian-api/1.1.2/apiguardian-api-1.1.2.jar:/Users/fff/.m2/repository/org/junit/jupiter/junit-jupiter-params/5.10.3/junit-jupiter-params-5.10.3.jar:/Users/fff/.m2/repository/org/junit/jupiter/junit-jupiter-engine/5.10.3/junit-jupiter-engine-5.10.3.jar:/Users/fff/.m2/repository/org/junit/platform/junit-platform-engine/1.10.3/junit-platform-engine-1.10.3.jar:/Users/fff/.m2/repository/org/mockito/mockito-core/5.11.0/mockito-core-5.11.0.jar:/Users/fff/.m2/repository/net/bytebuddy/byte-buddy-agent/1.14.19/byte-buddy-agent-1.14.19.jar:/Users/fff/.m2/repository/org/objenesis/objenesis/3.3/objenesis-3.3.jar:/Users/fff/.m2/repository/org/mockito/mockito-junit-jupiter/5.11.0/mockito-junit-jupiter-5.11.0.jar:/Users/fff/.m2/repository/org/skyscreamer/jsonassert/1.5.3/jsonassert-1.5.3.jar:/Users/fff/.m2/repository/com/vaadin/external/google/android-json/0.0.20131108.vaadin1/android-json-0.0.20131108.vaadin1.jar:/Users/fff/.m2/repository/org/springframework/spring-core/6.1.13/spring-core-6.1.13.jar:/Users/fff/.m2/repository/org/springframework/spring-jcl/6.1.13/spring-jcl-6.1.13.jar:/Users/fff/.m2/repository/org/springframework/spring-test/6.1.13/spring-test-6.1.13.jar:/Users/fff/.m2/repository/org/xmlunit/xmlunit-core/2.9.1/xmlunit-core-2.9.1.jar:/Users/fff/.m2/repository/javax/xml/bind/jaxb-api/2.3.1/jaxb-api-2.3.1.jar:/Users/fff/.m2/repository/javax/activation/javax.activation-api/1.2.0/javax.activation-api-1.2.0.jar:/Users/fff/.m2/repository/org/glassfish/jaxb/jaxb-runtime/2.3.1/jaxb-runtime-2.3.1.jar:/Users/fff/.m2/repository/org/glassfish/jaxb/txw2/4.0.5/txw2-4.0.5.jar:/Users/fff/.m2/repository/com/sun/istack/istack-commons-runtime/4.1.2/istack-commons-runtime-4.1.2.jar:/Users/fff/.m2/repository/org/jvnet/staxex/stax-ex/2.1.0/stax-ex-2.1.0.jar:/Users/fff/.m2/repository/com/sun/xml/fastinfoset/FastInfoset/2.1.1/FastInfoset-2.1.1.jar:"/>
    <property name="sun.cpu.endian" value="little"/>
    <property name="user.home" value="/Users/fff"/>
    <property name="user.language" value="ru"/>
    <property name="java.specification.vendor" value="Oracle Corporation"/>
    <property name="java.version.date" value="2024-04-16"/>
    <property name="java.home" value="/Users/fff/Library/Java/JavaVirtualMachines/corretto-17.0.11/Contents/Home"/>
    <property name="file.separator" value="/"/>
    <property name="basedir" value="/Users/fff/Desktop/MyFolder/Monolit/Telegram/ibratfarzandlari"/>
    <property name="java.vm.compressedOopsMode" value="Zero based"/>
    <property name="line.separator" value="&#10;"/>
    <property name="java.vm.specification.vendor" value="Oracle Corporation"/>
    <property name="java.specification.name" value="Java Platform API Specification"/>
    <property name="FILE_LOG_CHARSET" value="UTF-8"/>
    <property name="java.awt.headless" value="true"/>
    <property name="surefire.real.class.path" value="/Users/fff/Desktop/MyFolder/Monolit/Telegram/ibratfarzandlari/target/surefire/surefirebooter-20240926131916238_3.jar"/>
    <property name="sun.management.compiler" value="HotSpot 64-Bit Tiered Compilers"/>
    <property name="ftp.nonProxyHosts" value="local|*.local|169.254/16|*.169.254/16"/>
    <property name="java.runtime.version" value="17.0.11+9-LTS"/>
    <property name="user.name" value="fff"/>
    <property name="path.separator" value=":"/>
    <property name="os.version" value="14.5"/>
    <property name="java.runtime.name" value="OpenJDK Runtime Environment"/>
    <property name="file.encoding" value="UTF-8"/>
    <property name="java.vm.name" value="OpenJDK 64-Bit Server VM"/>
    <property name="java.vendor.version" value="Corretto-17.0.11.9.1"/>
    <property name="localRepository" value="/Users/fff/.m2/repository"/>
    <property name="java.vendor.url.bug" value="https://github.com/corretto/corretto-17/issues/"/>
    <property name="java.io.tmpdir" value="/var/folders/n8/5ww7s_g12xg4prqwprvl9y2m0000gn/T/"/>
    <property name="idea.version" value="2024.1"/>
    <property name="com.zaxxer.hikari.pool_number" value="1"/>
    <property name="java.version" value="17.0.11"/>
    <property name="user.dir" value="/Users/fff/Desktop/MyFolder/Monolit/Telegram/ibratfarzandlari"/>
    <property name="os.arch" value="x86_64"/>
    <property name="java.vm.specification.name" value="Java Virtual Machine Specification"/>
    <property name="PID" value="8404"/>
    <property name="CONSOLE_LOG_CHARSET" value="UTF-8"/>
    <property name="native.encoding" value="UTF-8"/>
    <property name="java.library.path" value="/Users/fff/Library/Java/Extensions:/Library/Java/Extensions:/Network/Library/Java/Extensions:/System/Library/Java/Extensions:/usr/lib/java:."/>
    <property name="java.vm.info" value="mixed mode, sharing"/>
    <property name="java.vendor" value="Amazon.com Inc."/>
    <property name="java.vm.version" value="17.0.11+9-LTS"/>
    <property name="sun.io.unicode.encoding" value="UnicodeBig"/>
    <property name="socksNonProxyHosts" value="local|*.local|169.254/16|*.169.254/16"/>
    <property name="java.class.version" value="61.0"/>
    <property name="LOGGED_APPLICATION_NAME" value="[ibratfarzandlari] "/>
  </properties>
  <testcase name="contextLoads" classname="uz.zafar.ibratfarzandlari.IbratfarzandlariApplicationTests" time="0.409">
    <system-out><![CDATA[Standard Commons Logging discovery in action with spring-jcl: please remove commons-logging.jar from classpath in order to avoid potential conflicts
13:19:16.899 [main] INFO org.springframework.test.context.support.AnnotationConfigContextLoaderUtils -- Could not detect default configuration classes for test class [uz.zafar.ibratfarzandlari.IbratfarzandlariApplicationTests]: IbratfarzandlariApplicationTests does not declare any static, non-private, non-final, nested classes annotated with @Configuration.
13:19:16.979 [main] INFO org.springframework.boot.test.context.SpringBootTestContextBootstrapper -- Found @SpringBootConfiguration uz.zafar.ibratfarzandlari.IbratfarzandlariApplication for test class uz.zafar.ibratfarzandlari.IbratfarzandlariApplicationTests

  .   ____          _            __ _ _
 /\\ / ___'_ __ _ _(_)_ __  __ _ \ \ \ \
( ( )\___ | '_ | '_| | '_ \/ _` | \ \ \ \
 \\/  ___)| |_)| | | | | || (_| |  ) ) ) )
  '  |____| .__|_| |_|_| |_\__, | / / / /
 =========|_|==============|___/=/_/_/_/

 :: Spring Boot ::                (v3.3.4)

2024-09-26T13:19:17.367+05:00  INFO 8404 --- [ibratfarzandlari] [           main] u.z.i.IbratfarzandlariApplicationTests   : Starting IbratfarzandlariApplicationTests using Java 17.0.11 with PID 8404 (started by fff in /Users/fff/Desktop/MyFolder/Monolit/Telegram/ibratfarzandlari)
2024-09-26T13:19:17.369+05:00  INFO 8404 --- [ibratfarzandlari] [           main] u.z.i.IbratfarzandlariApplicationTests   : No active profile set, falling back to 1 default profile: "default"
2024-09-26T13:19:17.800+05:00  INFO 8404 --- [ibratfarzandlari] [           main] .s.d.r.c.RepositoryConfigurationDelegate : Bootstrapping Spring Data JPA repositories in DEFAULT mode.
2024-09-26T13:19:17.864+05:00  INFO 8404 --- [ibratfarzandlari] [           main] .s.d.r.c.RepositoryConfigurationDelegate : Finished Spring Data repository scanning in 57 ms. Found 5 JPA repository interfaces.
2024-09-26T13:19:18.255+05:00  INFO 8404 --- [ibratfarzandlari] [           main] o.hibernate.jpa.internal.util.LogHelper  : HHH000204: Processing PersistenceUnitInfo [name: default]
2024-09-26T13:19:18.298+05:00  INFO 8404 --- [ibratfarzandlari] [           main] org.hibernate.Version                    : HHH000412: Hibernate ORM core version 6.5.3.Final
2024-09-26T13:19:18.328+05:00  INFO 8404 --- [ibratfarzandlari] [           main] o.h.c.internal.RegionFactoryInitiator    : HHH000026: Second-level cache disabled
2024-09-26T13:19:18.587+05:00  INFO 8404 --- [ibratfarzandlari] [           main] o.s.o.j.p.SpringPersistenceUnitInfo      : No LoadTimeWeaver setup: ignoring JPA class transformer
2024-09-26T13:19:18.629+05:00  INFO 8404 --- [ibratfarzandlari] [           main] com.zaxxer.hikari.HikariDataSource       : HikariPool-1 - Starting...
2024-09-26T13:19:18.832+05:00  INFO 8404 --- [ibratfarzandlari] [           main] com.zaxxer.hikari.pool.HikariPool        : HikariPool-1 - Added connection org.postgresql.jdbc.PgConnection@5864e8bf
2024-09-26T13:19:18.834+05:00  INFO 8404 --- [ibratfarzandlari] [           main] com.zaxxer.hikari.HikariDataSource       : HikariPool-1 - Start completed.
2024-09-26T13:19:19.842+05:00  INFO 8404 --- [ibratfarzandlari] [           main] o.h.e.t.j.p.i.JtaPlatformInitiator       : HHH000489: No JTA platform available (set 'hibernate.transaction.jta.platform' to enable JTA platform integration)
Hibernate: alter table if exists bot_information alter column about_we set data type TEXT
Hibernate: alter table if exists bot_information alter column results set data type TEXT
Hibernate: alter table if exists lessons alter column description set data type TEXT
2024-09-26T13:19:19.947+05:00  INFO 8404 --- [ibratfarzandlari] [           main] j.LocalContainerEntityManagerFactoryBean : Initialized JPA EntityManagerFactory for persistence unit 'default'
2024-09-26T13:19:21.217+05:00  INFO 8404 --- [ibratfarzandlari] [           main] u.z.i.IbratfarzandlariApplicationTests   : Started IbratfarzandlariApplicationTests in 4.086 seconds (process running for 4.878)
]]></system-out>
  </testcase>
</testsuite>